---------- Date: 2013-01-23 16:36:31 ~ IP : 127.0.0.1 ----------
REQUEST URI : /
MOD DETAILS:
   modFile   : F:\zodia.com.vn\vqmod\xml\news_pro.xml
   id        : News_Pro
   version   : 1.5.4.1
   vqmver    : 2.1.7
   author    : VinaEcom
SEARCH NOT FOUND (ABORTING MOD): </ul></div>

----------------------------------------------------------------------


---------- Date: 2013-01-23 17:30:53 ~ IP : 127.0.0.1 ----------
REQUEST URI : /
MOD DETAILS:
   modFile   : F:\zodia.com.vn\vqmod\xml\news_pro.xml
   id        : News_Pro
   version   : 1.5.4.1
   vqmver    : 2.1.7
   author    : VinaEcom
SEARCH NOT FOUND (ABORTING MOD): </ul></div>

----------------------------------------------------------------------


---------- Date: 2013-01-23 17:31:13 ~ IP : 127.0.0.1 ----------
REQUEST URI : /
MOD DETAILS:
   modFile   : F:\zodia.com.vn\vqmod\xml\news_pro.xml
   id        : News_Pro
   version   : 1.5.4.1
   vqmver    : 2.1.7
   author    : VinaEcom
SEARCH NOT FOUND (ABORTING MOD): </ul></div>

----------------------------------------------------------------------


---------- Date: 2013-01-23 17:33:41 ~ IP : 127.0.0.1 ----------
REQUEST URI : /
MOD DETAILS:
   modFile   : F:\zodia.com.vn\vqmod\xml\news_pro.xml
   id        : News_Pro
   version   : 1.5.4.1
   vqmver    : 2.1.7
   author    : VinaEcom
SEARCH NOT FOUND (ABORTING MOD): </ul></div>

----------------------------------------------------------------------


---------- Date: 2013-01-23 17:39:00 ~ IP : 127.0.0.1 ----------
REQUEST URI : /
MOD DETAILS:
   modFile   : F:\zodia.com.vn\vqmod\xml\news_pro.xml
   id        : News_Pro
   version   : 1.5.4.1
   vqmver    : 2.1.7
   author    : VinaEcom
SEARCH NOT FOUND (ABORTING MOD): </ul></div>

----------------------------------------------------------------------


---------- Date: 2013-01-23 17:39:03 ~ IP : 127.0.0.1 ----------
REQUEST URI : /
MOD DETAILS:
   modFile   : F:\zodia.com.vn\vqmod\xml\news_pro.xml
   id        : News_Pro
   version   : 1.5.4.1
   vqmver    : 2.1.7
   author    : VinaEcom
SEARCH NOT FOUND (ABORTING MOD): </ul></div>

----------------------------------------------------------------------


---------- Date: 2013-01-23 17:39:16 ~ IP : 127.0.0.1 ----------
REQUEST URI : /
MOD DETAILS:
   modFile   : F:\zodia.com.vn\vqmod\xml\news_pro.xml
   id        : News_Pro
   version   : 1.5.4.1
   vqmver    : 2.1.7
   author    : VinaEcom
SEARCH NOT FOUND (ABORTING MOD): </ul></div>

----------------------------------------------------------------------


---------- Date: 2013-01-23 17:39:26 ~ IP : 127.0.0.1 ----------
REQUEST URI : /
MOD DETAILS:
   modFile   : F:\zodia.com.vn\vqmod\xml\news_pro.xml
   id        : News_Pro
   version   : 1.5.4.1
   vqmver    : 2.1.7
   author    : VinaEcom
SEARCH NOT FOUND (ABORTING MOD): </ul></div>

----------------------------------------------------------------------


---------- Date: 2013-01-23 17:40:34 ~ IP : 127.0.0.1 ----------
REQUEST URI : /
MOD DETAILS:
   modFile   : F:\zodia.com.vn\vqmod\xml\news_pro.xml
   id        : News_Pro
   version   : 1.5.4.1
   vqmver    : 2.1.7
   author    : VinaEcom
SEARCH NOT FOUND (ABORTING MOD): </ul></div>

----------------------------------------------------------------------


---------- Date: 2013-01-23 17:41:43 ~ IP : 127.0.0.1 ----------
REQUEST URI : /
MOD DETAILS:
   modFile   : F:\zodia.com.vn\vqmod\xml\news_pro.xml
   id        : News_Pro
   version   : 1.5.4.1
   vqmver    : 2.1.7
   author    : VinaEcom
SEARCH NOT FOUND (ABORTING MOD): </ul></div>

----------------------------------------------------------------------


---------- Date: 2013-01-23 17:43:14 ~ IP : 127.0.0.1 ----------
REQUEST URI : /
MOD DETAILS:
   modFile   : F:\zodia.com.vn\vqmod\xml\news_pro.xml
   id        : News_Pro
   version   : 1.5.4.1
   vqmver    : 2.1.7
   author    : VinaEcom
SEARCH NOT FOUND (ABORTING MOD): </ul></div>

----------------------------------------------------------------------


---------- Date: 2013-01-23 17:43:30 ~ IP : 127.0.0.1 ----------
REQUEST URI : /
MOD DETAILS:
   modFile   : F:\zodia.com.vn\vqmod\xml\news_pro.xml
   id        : News_Pro
   version   : 1.5.4.1
   vqmver    : 2.1.7
   author    : VinaEcom
SEARCH NOT FOUND (ABORTING MOD): </ul></div>

----------------------------------------------------------------------


---------- Date: 2013-01-23 17:45:15 ~ IP : 127.0.0.1 ----------
REQUEST URI : /
MOD DETAILS:
   modFile   : F:\zodia.com.vn\vqmod\xml\news_pro.xml
   id        : News_Pro
   version   : 1.5.4.1
   vqmver    : 2.1.7
   author    : VinaEcom
SEARCH NOT FOUND (ABORTING MOD): </ul></div>

----------------------------------------------------------------------


